<?xml version="1.0" encoding="UTF-8"?>
<!-- Generated by org.testng.reporters.JUnitReportReporter -->
<testsuite skipped="0" hostname="W16DNMTS06" name="com.calculator.assertfunction.calculatorAssertion" tests="24" failures="0" timestamp="2020-07-06T12:52:07 IST" time="0.748" errors="0">
  <testcase name="calcDivInt" time="0.002" classname="com.calculator.assertfunction.calculatorAssertion"/>
  <system-out>
06-Jul-2020 12:52:07 PM : Actual - 15 Expected - 15  </system-out>
  <testcase name="calcModulus" time="0.002" classname="com.calculator.assertfunction.calculatorAssertion"/>
  <system-out>
06-Jul-2020 12:52:07 PM : Actual - 0 Expected - 0  </system-out>
  <testcase name="calcAddition" time="0.003" classname="com.calculator.assertfunction.calculatorAssertion"/>
  <system-out>
06-Jul-2020 12:52:07 PM : Actual - 82 Expected - 82  </system-out>
  <testcase name="calcModulus" time="0.001" classname="com.calculator.assertfunction.calculatorAssertion"/>
  <system-out>
06-Jul-2020 12:52:07 PM : Actual - 0 Expected - 0  </system-out>
  <testcase name="calcDivInt" time="0.002" classname="com.calculator.assertfunction.calculatorAssertion"/>
  <system-out>
06-Jul-2020 12:52:07 PM : Actual - 2 Expected - 2  </system-out>
  <testcase name="calcSubraction" time="0.002" classname="com.calculator.assertfunction.calculatorAssertion"/>
  <system-out>
06-Jul-2020 12:52:07 PM : Actual - 2 Expected - 2  </system-out>
  <testcase name="calcMultiplication" time="0.001" classname="com.calculator.assertfunction.calculatorAssertion"/>
  <system-out>
06-Jul-2020 12:52:07 PM : Actual - 2 Expected - 2  </system-out>
  <testcase name="calcAddition" time="0.003" classname="com.calculator.assertfunction.calculatorAssertion"/>
  <system-out>
06-Jul-2020 12:52:07 PM : Actual - 14 Expected - 14  </system-out>
  <testcase name="calcInverse" time="0.003" classname="com.calculator.assertfunction.calculatorAssertion"/>
  <system-out>
06-Jul-2020 12:52:07 PM : Actual - 0.25 Expected - 32.0  </system-out>
  <testcase name="calcModulus" time="0.002" classname="com.calculator.assertfunction.calculatorAssertion"/>
  <system-out>
06-Jul-2020 12:52:07 PM : Actual - 0 Expected - 0  </system-out>
  <testcase name="calcInverse" time="0.001" classname="com.calculator.assertfunction.calculatorAssertion"/>
  <system-out>
06-Jul-2020 12:52:07 PM : Actual - 0.2 Expected - 32.0  </system-out>
  <testcase name="calcNegate" time="0.001" classname="com.calculator.assertfunction.calculatorAssertion"/>
  <system-out>
06-Jul-2020 12:52:07 PM : Actual - -15 Expected - -15  </system-out>
  <testcase name="calcDivReal" time="0.003" classname="com.calculator.assertfunction.calculatorAssertion"/>
  <system-out>
06-Jul-2020 12:52:07 PM : Actual - 3.0 Expected - 23.0  </system-out>
  <testcase name="calcNegate" time="0.002" classname="com.calculator.assertfunction.calculatorAssertion"/>
  <system-out>
06-Jul-2020 12:52:07 PM : Actual - -1 Expected - -1  </system-out>
  <testcase name="calcAddition" time="0.706" classname="com.calculator.assertfunction.calculatorAssertion"/>
  <system-out>
06-Jul-2020 12:52:07 PM : Actual - 9 Expected - 9  </system-out>
  <testcase name="calcDivInt" time="0.002" classname="com.calculator.assertfunction.calculatorAssertion"/>
  <system-out>
06-Jul-2020 12:52:07 PM : Actual - 3 Expected - 3  </system-out>
  <testcase name="calcMultiplication" time="0.001" classname="com.calculator.assertfunction.calculatorAssertion"/>
  <system-out>
06-Jul-2020 12:52:07 PM : Actual - 24 Expected - 24  </system-out>
  <testcase name="calcNegate" time="0.001" classname="com.calculator.assertfunction.calculatorAssertion"/>
  <system-out>
06-Jul-2020 12:52:07 PM : Actual - -7 Expected - -7  </system-out>
  <testcase name="calcDivReal" time="0.001" classname="com.calculator.assertfunction.calculatorAssertion"/>
  <system-out>
06-Jul-2020 12:52:07 PM : Actual - 2.0 Expected - 22.0  </system-out>
  <testcase name="calcSubraction" time="0.002" classname="com.calculator.assertfunction.calculatorAssertion"/>
  <system-out>
06-Jul-2020 12:52:07 PM : Actual - -28 Expected - -28  </system-out>
  <testcase name="calcInverse" time="0.003" classname="com.calculator.assertfunction.calculatorAssertion"/>
  <system-out>
06-Jul-2020 12:52:07 PM : Actual - 0.3333333333333333 Expected - 33.0  </system-out>
  <testcase name="calcSubraction" time="0.001" classname="com.calculator.assertfunction.calculatorAssertion"/>
  <system-out>
06-Jul-2020 12:52:07 PM : Actual - -1 Expected - -1  </system-out>
  <testcase name="calcDivReal" time="0.001" classname="com.calculator.assertfunction.calculatorAssertion"/>
  <system-out>
06-Jul-2020 12:52:07 PM : Actual - 1.0 Expected - 221.0  </system-out>
  <testcase name="calcMultiplication" time="0.002" classname="com.calculator.assertfunction.calculatorAssertion"/>
  <system-out>
06-Jul-2020 12:52:07 PM : Actual - 54 Expected - 54  </system-out>
</testsuite> <!-- com.calculator.assertfunction.calculatorAssertion -->
