<?xml version="1.0" encoding="UTF-8"?>
<!-- Generated by org.testng.reporters.JUnitReportReporter -->
<testsuite skipped="0" hostname="W16DNMTS06" name="com.calculator.parameter.calculatorUsingParameter" tests="3" failures="0" timestamp="2020-07-06T12:51:53 IST" time="0.752" errors="0">
  <testcase name="calcMultiplication" time="0.002" classname="com.calculator.parameter.calculatorUsingParameter"/>
  <system-out>
06-Jul-2020 12:51:53 PM : actual - 7 expected - 7  </system-out>
  <testcase name="calcAddition" time="0.749" classname="com.calculator.parameter.calculatorUsingParameter"/>
  <system-out>
06-Jul-2020 12:51:53 PM : actual - 14 expected - 14  </system-out>
  <testcase name="calcSubraction" time="0.001" classname="com.calculator.parameter.calculatorUsingParameter"/>
  <system-out>
06-Jul-2020 12:51:53 PM : actual - -1 expected - -1  </system-out>
</testsuite> <!-- com.calculator.parameter.calculatorUsingParameter -->
