<?xml version="1.0" encoding="UTF-8"?>
<!-- Generated by org.testng.reporters.JUnitReportReporter -->
<testsuite skipped="0" hostname="W16DNMTS06" name="com.calculator.parallelExecution.calculatorParallel" tests="12" failures="0" timestamp="2020-07-06T12:52:07 IST" time="0.723" errors="0">
  <testcase name="calcSubraction" time="0.001" classname="com.calculator.parallelExecution.calculatorParallel"/>
  <system-out>
06-Jul-2020 12:52:07 PM : Actual - -28 Expected - -28  </system-out>
  <testcase name="calcAddition" time="0.708" classname="com.calculator.parallelExecution.calculatorParallel"/>
  <system-out>
06-Jul-2020 12:52:07 PM : Actual - 9 Expected - 9  </system-out>
  <testcase name="calcSubraction" time="0.001" classname="com.calculator.parallelExecution.calculatorParallel"/>
  <system-out>
06-Jul-2020 12:52:07 PM : Actual - -1 Expected - -1  </system-out>
  <testcase name="calcMultiplication" time="0.001" classname="com.calculator.parallelExecution.calculatorParallel"/>
  <system-out>
06-Jul-2020 12:52:07 PM : Actual - 24 Expected - 24  </system-out>
  <testcase name="calcAddition" time="0.002" classname="com.calculator.parallelExecution.calculatorParallel"/>
  <system-out>
06-Jul-2020 12:52:07 PM : Actual - 82 Expected - 82  </system-out>
  <testcase name="calcDivInt" time="0.001" classname="com.calculator.parallelExecution.calculatorParallel"/>
  <system-out>
06-Jul-2020 12:52:07 PM : Actual - 2 Expected - 2  </system-out>
  <testcase name="calcSubraction" time="0.002" classname="com.calculator.parallelExecution.calculatorParallel"/>
  <system-out>
06-Jul-2020 12:52:07 PM : Actual - 2 Expected - 2  </system-out>
  <testcase name="calcDivInt" time="0.002" classname="com.calculator.parallelExecution.calculatorParallel"/>
  <system-out>
06-Jul-2020 12:52:07 PM : Actual - 3 Expected - 3  </system-out>
  <testcase name="calcAddition" time="0.001" classname="com.calculator.parallelExecution.calculatorParallel"/>
  <system-out>
06-Jul-2020 12:52:07 PM : Actual - 14 Expected - 14  </system-out>
  <testcase name="calcDivInt" time="0.002" classname="com.calculator.parallelExecution.calculatorParallel"/>
  <system-out>
06-Jul-2020 12:52:07 PM : Actual - 15 Expected - 15  </system-out>
  <testcase name="calcMultiplication" time="0.001" classname="com.calculator.parallelExecution.calculatorParallel"/>
  <system-out>
06-Jul-2020 12:52:07 PM : Actual - 54 Expected - 54  </system-out>
  <testcase name="calcMultiplication" time="0.001" classname="com.calculator.parallelExecution.calculatorParallel"/>
  <system-out>
06-Jul-2020 12:52:07 PM : Actual - 2 Expected - 2  </system-out>
</testsuite> <!-- com.calculator.parallelExecution.calculatorParallel -->
